<?xml version="1.0" encoding="UTF-8"?>
<testsuite xmlns:xsi="http://www.w3.org/2001/XMLSchema-instance" xsi:noNamespaceSchemaLocation="https://maven.apache.org/surefire/maven-surefire-plugin/xsd/surefire-test-report-3.0.xsd" version="3.0" name="may.PDFProcessorTest" time="1.065" tests="3" errors="0" skipped="0" failures="3">
  <properties>
    <property name="java.specification.version" value="17"/>
    <property name="sun.cpu.isalist" value="amd64"/>
    <property name="sun.jnu.encoding" value="Cp1255"/>
    <property name="java.class.path" value="C:\Users\mayha\OneDrive\שולחן העבודה\hw1meninew\target\test-classes;C:\Users\mayha\OneDrive\שולחן העבודה\hw1meninew\target\classes;C:\Users\mayha\.m2\repository\org\junit\jupiter\junit-jupiter\5.10.1\junit-jupiter-5.10.1.jar;C:\Users\mayha\.m2\repository\org\junit\jupiter\junit-jupiter-api\5.10.1\junit-jupiter-api-5.10.1.jar;C:\Users\mayha\.m2\repository\org\opentest4j\opentest4j\1.3.0\opentest4j-1.3.0.jar;C:\Users\mayha\.m2\repository\org\junit\platform\junit-platform-commons\1.10.1\junit-platform-commons-1.10.1.jar;C:\Users\mayha\.m2\repository\org\apiguardian\apiguardian-api\1.1.2\apiguardian-api-1.1.2.jar;C:\Users\mayha\.m2\repository\org\junit\jupiter\junit-jupiter-params\5.10.1\junit-jupiter-params-5.10.1.jar;C:\Users\mayha\.m2\repository\org\junit\jupiter\junit-jupiter-engine\5.10.1\junit-jupiter-engine-5.10.1.jar;C:\Users\mayha\.m2\repository\org\junit\platform\junit-platform-engine\1.10.1\junit-platform-engine-1.10.1.jar;C:\Users\mayha\.m2\repository\software\amazon\awssdk\ec2\2.28.18\ec2-2.28.18.jar;C:\Users\mayha\.m2\repository\software\amazon\awssdk\aws-query-protocol\2.28.18\aws-query-protocol-2.28.18.jar;C:\Users\mayha\.m2\repository\software\amazon\awssdk\protocol-core\2.28.18\protocol-core-2.28.18.jar;C:\Users\mayha\.m2\repository\software\amazon\awssdk\http-auth-aws\2.28.18\http-auth-aws-2.28.18.jar;C:\Users\mayha\.m2\repository\software\amazon\awssdk\sdk-core\2.28.18\sdk-core-2.28.18.jar;C:\Users\mayha\.m2\repository\software\amazon\awssdk\retries\2.28.18\retries-2.28.18.jar;C:\Users\mayha\.m2\repository\org\slf4j\slf4j-api\1.7.36\slf4j-api-1.7.36.jar;C:\Users\mayha\.m2\repository\org\reactivestreams\reactive-streams\1.0.4\reactive-streams-1.0.4.jar;C:\Users\mayha\.m2\repository\software\amazon\awssdk\auth\2.28.18\auth-2.28.18.jar;C:\Users\mayha\.m2\repository\software\amazon\awssdk\http-auth-aws-eventstream\2.28.18\http-auth-aws-eventstream-2.28.18.jar;C:\Users\mayha\.m2\repository\software\amazon\eventstream\eventstream\1.0.1\eventstream-1.0.1.jar;C:\Users\mayha\.m2\repository\software\amazon\awssdk\http-auth-spi\2.28.18\http-auth-spi-2.28.18.jar;C:\Users\mayha\.m2\repository\software\amazon\awssdk\http-auth\2.28.18\http-auth-2.28.18.jar;C:\Users\mayha\.m2\repository\software\amazon\awssdk\identity-spi\2.28.18\identity-spi-2.28.18.jar;C:\Users\mayha\.m2\repository\software\amazon\awssdk\http-client-spi\2.28.18\http-client-spi-2.28.18.jar;C:\Users\mayha\.m2\repository\software\amazon\awssdk\regions\2.28.18\regions-2.28.18.jar;C:\Users\mayha\.m2\repository\software\amazon\awssdk\annotations\2.28.18\annotations-2.28.18.jar;C:\Users\mayha\.m2\repository\software\amazon\awssdk\utils\2.28.18\utils-2.28.18.jar;C:\Users\mayha\.m2\repository\software\amazon\awssdk\aws-core\2.28.18\aws-core-2.28.18.jar;C:\Users\mayha\.m2\repository\software\amazon\awssdk\metrics-spi\2.28.18\metrics-spi-2.28.18.jar;C:\Users\mayha\.m2\repository\software\amazon\awssdk\json-utils\2.28.18\json-utils-2.28.18.jar;C:\Users\mayha\.m2\repository\software\amazon\awssdk\third-party-jackson-core\2.28.18\third-party-jackson-core-2.28.18.jar;C:\Users\mayha\.m2\repository\software\amazon\awssdk\endpoints-spi\2.28.18\endpoints-spi-2.28.18.jar;C:\Users\mayha\.m2\repository\software\amazon\awssdk\retries-spi\2.28.18\retries-spi-2.28.18.jar;C:\Users\mayha\.m2\repository\software\amazon\awssdk\apache-client\2.28.18\apache-client-2.28.18.jar;C:\Users\mayha\.m2\repository\org\apache\httpcomponents\httpclient\4.5.13\httpclient-4.5.13.jar;C:\Users\mayha\.m2\repository\org\apache\httpcomponents\httpcore\4.4.16\httpcore-4.4.16.jar;C:\Users\mayha\.m2\repository\commons-codec\commons-codec\1.17.1\commons-codec-1.17.1.jar;C:\Users\mayha\.m2\repository\software\amazon\awssdk\netty-nio-client\2.28.18\netty-nio-client-2.28.18.jar;C:\Users\mayha\.m2\repository\io\netty\netty-codec-http\4.1.112.Final\netty-codec-http-4.1.112.Final.jar;C:\Users\mayha\.m2\repository\io\netty\netty-codec-http2\4.1.112.Final\netty-codec-http2-4.1.112.Final.jar;C:\Users\mayha\.m2\repository\io\netty\netty-codec\4.1.112.Final\netty-codec-4.1.112.Final.jar;C:\Users\mayha\.m2\repository\io\netty\netty-transport\4.1.112.Final\netty-transport-4.1.112.Final.jar;C:\Users\mayha\.m2\repository\io\netty\netty-common\4.1.112.Final\netty-common-4.1.112.Final.jar;C:\Users\mayha\.m2\repository\io\netty\netty-buffer\4.1.112.Final\netty-buffer-4.1.112.Final.jar;C:\Users\mayha\.m2\repository\io\netty\netty-handler\4.1.112.Final\netty-handler-4.1.112.Final.jar;C:\Users\mayha\.m2\repository\io\netty\netty-transport-native-unix-common\4.1.112.Final\netty-transport-native-unix-common-4.1.112.Final.jar;C:\Users\mayha\.m2\repository\io\netty\netty-transport-classes-epoll\4.1.112.Final\netty-transport-classes-epoll-4.1.112.Final.jar;C:\Users\mayha\.m2\repository\io\netty\netty-resolver\4.1.112.Final\netty-resolver-4.1.112.Final.jar;C:\Users\mayha\.m2\repository\software\amazon\awssdk\s3\2.28.18\s3-2.28.18.jar;C:\Users\mayha\.m2\repository\software\amazon\awssdk\aws-xml-protocol\2.28.18\aws-xml-protocol-2.28.18.jar;C:\Users\mayha\.m2\repository\software\amazon\awssdk\arns\2.28.18\arns-2.28.18.jar;C:\Users\mayha\.m2\repository\software\amazon\awssdk\profiles\2.28.18\profiles-2.28.18.jar;C:\Users\mayha\.m2\repository\software\amazon\awssdk\crt-core\2.28.18\crt-core-2.28.18.jar;C:\Users\mayha\.m2\repository\software\amazon\awssdk\checksums\2.28.18\checksums-2.28.18.jar;C:\Users\mayha\.m2\repository\software\amazon\awssdk\checksums-spi\2.28.18\checksums-spi-2.28.18.jar;C:\Users\mayha\.m2\repository\software\amazon\awssdk\sqs\2.28.18\sqs-2.28.18.jar;C:\Users\mayha\.m2\repository\software\amazon\awssdk\aws-json-protocol\2.28.18\aws-json-protocol-2.28.18.jar;C:\Users\mayha\.m2\repository\org\apache\pdfbox\pdfbox\2.0.19\pdfbox-2.0.19.jar;C:\Users\mayha\.m2\repository\org\apache\pdfbox\fontbox\2.0.19\fontbox-2.0.19.jar;C:\Users\mayha\.m2\repository\commons-logging\commons-logging\1.2\commons-logging-1.2.jar;"/>
    <property name="java.vm.vendor" value="Eclipse Adoptium"/>
    <property name="sun.arch.data.model" value="64"/>
    <property name="user.variant" value=""/>
    <property name="java.vendor.url" value="https://adoptium.net/"/>
    <property name="user.timezone" value="Asia/Jerusalem"/>
    <property name="os.name" value="Windows 11"/>
    <property name="java.vm.specification.version" value="17"/>
    <property name="sun.java.launcher" value="SUN_STANDARD"/>
    <property name="user.country" value="IL"/>
    <property name="sun.boot.library.path" value="C:\Users\mayha\AppData\Local\Programs\Eclipse Adoptium\jdk-17.0.10.7-hotspot\bin"/>
    <property name="sun.java.command" value="C:\Users\mayha\AppData\Local\Temp\surefire858734445713984316\surefirebooter-20241201004442324_3.jar C:\Users\mayha\AppData\Local\Temp\surefire858734445713984316 2024-12-01T00-44-42_098-jvmRun1 surefire-20241201004442324_1tmp surefire_0-20241201004442324_2tmp"/>
    <property name="jdk.debug" value="release"/>
    <property name="surefire.test.class.path" value="C:\Users\mayha\OneDrive\שולחן העבודה\hw1meninew\target\test-classes;C:\Users\mayha\OneDrive\שולחן העבודה\hw1meninew\target\classes;C:\Users\mayha\.m2\repository\org\junit\jupiter\junit-jupiter\5.10.1\junit-jupiter-5.10.1.jar;C:\Users\mayha\.m2\repository\org\junit\jupiter\junit-jupiter-api\5.10.1\junit-jupiter-api-5.10.1.jar;C:\Users\mayha\.m2\repository\org\opentest4j\opentest4j\1.3.0\opentest4j-1.3.0.jar;C:\Users\mayha\.m2\repository\org\junit\platform\junit-platform-commons\1.10.1\junit-platform-commons-1.10.1.jar;C:\Users\mayha\.m2\repository\org\apiguardian\apiguardian-api\1.1.2\apiguardian-api-1.1.2.jar;C:\Users\mayha\.m2\repository\org\junit\jupiter\junit-jupiter-params\5.10.1\junit-jupiter-params-5.10.1.jar;C:\Users\mayha\.m2\repository\org\junit\jupiter\junit-jupiter-engine\5.10.1\junit-jupiter-engine-5.10.1.jar;C:\Users\mayha\.m2\repository\org\junit\platform\junit-platform-engine\1.10.1\junit-platform-engine-1.10.1.jar;C:\Users\mayha\.m2\repository\software\amazon\awssdk\ec2\2.28.18\ec2-2.28.18.jar;C:\Users\mayha\.m2\repository\software\amazon\awssdk\aws-query-protocol\2.28.18\aws-query-protocol-2.28.18.jar;C:\Users\mayha\.m2\repository\software\amazon\awssdk\protocol-core\2.28.18\protocol-core-2.28.18.jar;C:\Users\mayha\.m2\repository\software\amazon\awssdk\http-auth-aws\2.28.18\http-auth-aws-2.28.18.jar;C:\Users\mayha\.m2\repository\software\amazon\awssdk\sdk-core\2.28.18\sdk-core-2.28.18.jar;C:\Users\mayha\.m2\repository\software\amazon\awssdk\retries\2.28.18\retries-2.28.18.jar;C:\Users\mayha\.m2\repository\org\slf4j\slf4j-api\1.7.36\slf4j-api-1.7.36.jar;C:\Users\mayha\.m2\repository\org\reactivestreams\reactive-streams\1.0.4\reactive-streams-1.0.4.jar;C:\Users\mayha\.m2\repository\software\amazon\awssdk\auth\2.28.18\auth-2.28.18.jar;C:\Users\mayha\.m2\repository\software\amazon\awssdk\http-auth-aws-eventstream\2.28.18\http-auth-aws-eventstream-2.28.18.jar;C:\Users\mayha\.m2\repository\software\amazon\eventstream\eventstream\1.0.1\eventstream-1.0.1.jar;C:\Users\mayha\.m2\repository\software\amazon\awssdk\http-auth-spi\2.28.18\http-auth-spi-2.28.18.jar;C:\Users\mayha\.m2\repository\software\amazon\awssdk\http-auth\2.28.18\http-auth-2.28.18.jar;C:\Users\mayha\.m2\repository\software\amazon\awssdk\identity-spi\2.28.18\identity-spi-2.28.18.jar;C:\Users\mayha\.m2\repository\software\amazon\awssdk\http-client-spi\2.28.18\http-client-spi-2.28.18.jar;C:\Users\mayha\.m2\repository\software\amazon\awssdk\regions\2.28.18\regions-2.28.18.jar;C:\Users\mayha\.m2\repository\software\amazon\awssdk\annotations\2.28.18\annotations-2.28.18.jar;C:\Users\mayha\.m2\repository\software\amazon\awssdk\utils\2.28.18\utils-2.28.18.jar;C:\Users\mayha\.m2\repository\software\amazon\awssdk\aws-core\2.28.18\aws-core-2.28.18.jar;C:\Users\mayha\.m2\repository\software\amazon\awssdk\metrics-spi\2.28.18\metrics-spi-2.28.18.jar;C:\Users\mayha\.m2\repository\software\amazon\awssdk\json-utils\2.28.18\json-utils-2.28.18.jar;C:\Users\mayha\.m2\repository\software\amazon\awssdk\third-party-jackson-core\2.28.18\third-party-jackson-core-2.28.18.jar;C:\Users\mayha\.m2\repository\software\amazon\awssdk\endpoints-spi\2.28.18\endpoints-spi-2.28.18.jar;C:\Users\mayha\.m2\repository\software\amazon\awssdk\retries-spi\2.28.18\retries-spi-2.28.18.jar;C:\Users\mayha\.m2\repository\software\amazon\awssdk\apache-client\2.28.18\apache-client-2.28.18.jar;C:\Users\mayha\.m2\repository\org\apache\httpcomponents\httpclient\4.5.13\httpclient-4.5.13.jar;C:\Users\mayha\.m2\repository\org\apache\httpcomponents\httpcore\4.4.16\httpcore-4.4.16.jar;C:\Users\mayha\.m2\repository\commons-codec\commons-codec\1.17.1\commons-codec-1.17.1.jar;C:\Users\mayha\.m2\repository\software\amazon\awssdk\netty-nio-client\2.28.18\netty-nio-client-2.28.18.jar;C:\Users\mayha\.m2\repository\io\netty\netty-codec-http\4.1.112.Final\netty-codec-http-4.1.112.Final.jar;C:\Users\mayha\.m2\repository\io\netty\netty-codec-http2\4.1.112.Final\netty-codec-http2-4.1.112.Final.jar;C:\Users\mayha\.m2\repository\io\netty\netty-codec\4.1.112.Final\netty-codec-4.1.112.Final.jar;C:\Users\mayha\.m2\repository\io\netty\netty-transport\4.1.112.Final\netty-transport-4.1.112.Final.jar;C:\Users\mayha\.m2\repository\io\netty\netty-common\4.1.112.Final\netty-common-4.1.112.Final.jar;C:\Users\mayha\.m2\repository\io\netty\netty-buffer\4.1.112.Final\netty-buffer-4.1.112.Final.jar;C:\Users\mayha\.m2\repository\io\netty\netty-handler\4.1.112.Final\netty-handler-4.1.112.Final.jar;C:\Users\mayha\.m2\repository\io\netty\netty-transport-native-unix-common\4.1.112.Final\netty-transport-native-unix-common-4.1.112.Final.jar;C:\Users\mayha\.m2\repository\io\netty\netty-transport-classes-epoll\4.1.112.Final\netty-transport-classes-epoll-4.1.112.Final.jar;C:\Users\mayha\.m2\repository\io\netty\netty-resolver\4.1.112.Final\netty-resolver-4.1.112.Final.jar;C:\Users\mayha\.m2\repository\software\amazon\awssdk\s3\2.28.18\s3-2.28.18.jar;C:\Users\mayha\.m2\repository\software\amazon\awssdk\aws-xml-protocol\2.28.18\aws-xml-protocol-2.28.18.jar;C:\Users\mayha\.m2\repository\software\amazon\awssdk\arns\2.28.18\arns-2.28.18.jar;C:\Users\mayha\.m2\repository\software\amazon\awssdk\profiles\2.28.18\profiles-2.28.18.jar;C:\Users\mayha\.m2\repository\software\amazon\awssdk\crt-core\2.28.18\crt-core-2.28.18.jar;C:\Users\mayha\.m2\repository\software\amazon\awssdk\checksums\2.28.18\checksums-2.28.18.jar;C:\Users\mayha\.m2\repository\software\amazon\awssdk\checksums-spi\2.28.18\checksums-spi-2.28.18.jar;C:\Users\mayha\.m2\repository\software\amazon\awssdk\sqs\2.28.18\sqs-2.28.18.jar;C:\Users\mayha\.m2\repository\software\amazon\awssdk\aws-json-protocol\2.28.18\aws-json-protocol-2.28.18.jar;C:\Users\mayha\.m2\repository\org\apache\pdfbox\pdfbox\2.0.19\pdfbox-2.0.19.jar;C:\Users\mayha\.m2\repository\org\apache\pdfbox\fontbox\2.0.19\fontbox-2.0.19.jar;C:\Users\mayha\.m2\repository\commons-logging\commons-logging\1.2\commons-logging-1.2.jar;"/>
    <property name="sun.cpu.endian" value="little"/>
    <property name="user.home" value="C:\Users\mayha"/>
    <property name="user.language" value="he"/>
    <property name="java.specification.vendor" value="Oracle Corporation"/>
    <property name="java.version.date" value="2024-01-16"/>
    <property name="java.home" value="C:\Users\mayha\AppData\Local\Programs\Eclipse Adoptium\jdk-17.0.10.7-hotspot"/>
    <property name="file.separator" value="\"/>
    <property name="basedir" value="C:\Users\mayha\OneDrive\שולחן העבודה\hw1meninew"/>
    <property name="java.vm.compressedOopsMode" value="Zero based"/>
    <property name="line.separator" value="&#10;"/>
    <property name="java.vm.specification.vendor" value="Oracle Corporation"/>
    <property name="java.specification.name" value="Java Platform API Specification"/>
    <property name="surefire.real.class.path" value="C:\Users\mayha\AppData\Local\Temp\surefire858734445713984316\surefirebooter-20241201004442324_3.jar"/>
    <property name="user.script" value=""/>
    <property name="sun.management.compiler" value="HotSpot 64-Bit Tiered Compilers"/>
    <property name="java.runtime.version" value="17.0.10+7"/>
    <property name="user.name" value="mayha"/>
    <property name="path.separator" value=";"/>
    <property name="os.version" value="10.0"/>
    <property name="java.runtime.name" value="OpenJDK Runtime Environment"/>
    <property name="file.encoding" value="Cp1255"/>
    <property name="java.vm.name" value="OpenJDK 64-Bit Server VM"/>
    <property name="java.vendor.version" value="Temurin-17.0.10+7"/>
    <property name="localRepository" value="C:\Users\mayha\.m2\repository"/>
    <property name="java.vendor.url.bug" value="https://github.com/adoptium/adoptium-support/issues"/>
    <property name="java.io.tmpdir" value="C:\Users\mayha\AppData\Local\Temp\"/>
    <property name="java.version" value="17.0.10"/>
    <property name="user.dir" value="C:\Users\mayha\OneDrive\שולחן העבודה\hw1meninew"/>
    <property name="os.arch" value="amd64"/>
    <property name="java.vm.specification.name" value="Java Virtual Machine Specification"/>
    <property name="sun.os.patch.level" value=""/>
    <property name="native.encoding" value="Cp1255"/>
    <property name="java.library.path" value="C:\Users\mayha\AppData\Local\Programs\Eclipse Adoptium\jdk-17.0.10.7-hotspot\bin;C:\WINDOWS\Sun\Java\bin;C:\WINDOWS\system32;C:\WINDOWS;C:\Users\mayha\Downloads\apache-maven-3.9.6-bin (1)\apache-maven-3.9.6\bin;C:\Windows;C:\Windows\System32\Wbem;C:\Windows\System32\WindowsPowerShell\v1.0\;C:\Windows\System32\OpenSSH\;C:\WINDOWS\system32;C:\WINDOWS;C:\WINDOWS\System32\Wbem;C:\WINDOWS\System32\WindowsPowerShell\v1.0\;C:\WINDOWS\System32\OpenSSH\;C:\Program Files\Git\cmd;C:\Program Files\dotnet\;C:\Program Files\Microsoft SQL Server\150\Tools\Binn\;C:\Program Files\Microsoft SQL Server\Client SDK\ODBC\170\Tools\Binn\;C:\Program Files (x86)\Windows Kits\10\Windows Performance Toolkit\;C:\Users\mayha\Downloads\apache-maven-3.9.6-bin (1)\apache-maven-3.9.6\bin;C:\Users\mayha\Downloads\apache-maven-3.9.6-bin (1)\apache-maven-3.9.6\bin;C:\Program Files\nodejs\;C:\Users\mayha\AppData\Local\Programs\Eclipse Adoptium\jdk-17.0.10.7-hotspot\bin;C:\Users\mayha\AppData\Local\Microsoft\WindowsApps;C:\Users\mayha\.dotnet\tools;C:\Program Files\JetBrains\IntelliJ IDEA Community Edition 2023.1.2\bin;C:\Users\mayha\AppData\Local\Programs\Microsoft VS Code\bin;C:\Users\mayha\AppData\Roaming\npm;."/>
    <property name="java.vm.info" value="mixed mode, sharing"/>
    <property name="java.vendor" value="Eclipse Adoptium"/>
    <property name="java.vm.version" value="17.0.10+7"/>
    <property name="sun.io.unicode.encoding" value="UnicodeLittle"/>
    <property name="java.class.version" value="61.0"/>
  </properties>
  <testcase name="testToImageConversion" classname="may.PDFProcessorTest" time="0.706">
    <failure message="Should not throw exception: Error: End-of-File, expected line" type="org.opentest4j.AssertionFailedError"><![CDATA[org.opentest4j.AssertionFailedError: Should not throw exception: Error: End-of-File, expected line
	at org.junit.jupiter.api.AssertionUtils.fail(AssertionUtils.java:38)
	at org.junit.jupiter.api.Assertions.fail(Assertions.java:138)
	at may.PDFProcessorTest.testToImageConversion(PDFProcessorTest.java:37)
	at java.base/java.lang.reflect.Method.invoke(Method.java:568)
	at java.base/java.util.ArrayList.forEach(ArrayList.java:1511)
	at java.base/java.util.ArrayList.forEach(ArrayList.java:1511)
]]></failure>
  </testcase>
  <testcase name="testToTextConversion" classname="may.PDFProcessorTest" time="0.16">
    <failure message="Should not throw exception: Error: End-of-File, expected line" type="org.opentest4j.AssertionFailedError"><![CDATA[org.opentest4j.AssertionFailedError: Should not throw exception: Error: End-of-File, expected line
	at org.junit.jupiter.api.AssertionUtils.fail(AssertionUtils.java:38)
	at org.junit.jupiter.api.Assertions.fail(Assertions.java:138)
	at may.PDFProcessorTest.testToTextConversion(PDFProcessorTest.java:81)
	at java.base/java.lang.reflect.Method.invoke(Method.java:568)
	at java.base/java.util.ArrayList.forEach(ArrayList.java:1511)
	at java.base/java.util.ArrayList.forEach(ArrayList.java:1511)
]]></failure>
  </testcase>
  <testcase name="testToHTMLConversion" classname="may.PDFProcessorTest" time="0.16">
    <failure message="Should not throw exception: Error: End-of-File, expected line" type="org.opentest4j.AssertionFailedError"><![CDATA[org.opentest4j.AssertionFailedError: Should not throw exception: Error: End-of-File, expected line
	at org.junit.jupiter.api.AssertionUtils.fail(AssertionUtils.java:38)
	at org.junit.jupiter.api.Assertions.fail(Assertions.java:138)
	at may.PDFProcessorTest.testToHTMLConversion(PDFProcessorTest.java:59)
	at java.base/java.lang.reflect.Method.invoke(Method.java:568)
	at java.base/java.util.ArrayList.forEach(ArrayList.java:1511)
	at java.base/java.util.ArrayList.forEach(ArrayList.java:1511)
]]></failure>
  </testcase>
</testsuite>